kotlin version: 2.3.0
error message: Incremental compilation failed: The following FqNames can't be derived from DirtyData.dirtyLookupSymbols: com.swu.bianwanlu2_0.data.local.ReminderSettingsStore.
DirtyData = DirtyData(dirtyLookupSymbols=[LookupSymbol(name=CHANNEL_SILENT, scope=com.swu.bianwanlu2_0.data.reminder.ReminderNotificationHelper), LookupSymbol(name=<SAM-CONSTRUCTOR>, scope=com.swu.bianwanlu2_0.data.local.ReminderSettingsStore.Companion), LookupSymbol(name=KEY_CALENDAR_SYNC_ENABLED, scope=com.swu.bianwanlu2_0.data.local.ReminderSettingsStore.Companion), LookupSymbol(name=getNoteById, scope=com.swu.bianwanlu2_0.presentation.screens.notes.NoteViewModel), LookupSymbol(name=getTodoById, scope=com.swu.bianwanlu2_0.presentation.screens.todo.TodoViewModel), LookupSymbol(name=ReminderCoordinator, scope=com.swu.bianwanlu2_0.data.reminder), LookupSymbol(name=<SAM-CONSTRUCTOR>, scope=com.swu.bianwanlu2_0.data.local.ReminderSettingsStore), LookupSymbol(name=Companion, scope=com.swu.bianwanlu2_0.data.local.ReminderSettingsStore), LookupSymbol(name=CHANNEL_SILENT, scope=com.swu.bianwanlu2_0.data.reminder.ReminderNotificationHelper.Companion), LookupSymbol(name=<SAM-CONSTRUCTOR>, scope=com.swu.bianwanlu2_0.presentation.screens.notes.NoteViewModel), LookupSymbol(name=CONTENT_REQUEST_CODE, scope=com.swu.bianwanlu2_0.data.reminder.ReminderNotificationHelper), LookupSymbol(name=CalendarSyncToggleResult, scope=com.swu.bianwanlu2_0.data.reminder), LookupSymbol(name=KEY_VIBRATION_ENABLED, scope=com.swu.bianwanlu2_0.data.local.ReminderSettingsStore.Companion), LookupSymbol(name=<SAM-CONSTRUCTOR>, scope=com.swu.bianwanlu2_0.data.reminder.ReminderNotificationHelper), LookupSymbol(name=PREFS_NAME, scope=com.swu.bianwanlu2_0.data.local.ReminderSettingsStore.Companion), LookupSymbol(name=<SAM-CONSTRUCTOR>, scope=com.swu.bianwanlu2_0.presentation.screens.todo.TodoViewModel), LookupSymbol(name=ReminderNotificationHelper, scope=com.swu.bianwanlu2_0.data.reminder), LookupSymbol(name=CHANNEL_VIBRATION, scope=com.swu.bianwanlu2_0.data.reminder.ReminderNotificationHelper.Companion), LookupSymbol(name=<SAM-CONSTRUCTOR>, scope=com.swu.bianwanlu2_0.data.reminder.ReminderNotificationHelper.Companion), LookupSymbol(name=CONTENT_REQUEST_CODE, scope=com.swu.bianwanlu2_0.data.reminder.ReminderNotificationHelper.Companion), LookupSymbol(name=CHANNEL_VIBRATION, scope=com.swu.bianwanlu2_0.data.reminder.ReminderNotificationHelper)], dirtyClassesFqNames=[com.swu.bianwanlu2_0.presentation.screens.notes.NoteViewModel, com.swu.bianwanlu2_0.data.reminder.ReminderCoordinator, com.swu.bianwanlu2_0.data.local.ReminderSettingsStore.Companion, com.swu.bianwanlu2_0.data.reminder.ReminderNotificationHelper, com.swu.bianwanlu2_0.data.reminder.CalendarSyncToggleResult, com.swu.bianwanlu2_0.data.reminder.ReminderNotificationHelper.Companion, com.swu.bianwanlu2_0.data.local.ReminderSettingsStore, com.swu.bianwanlu2_0.presentation.screens.todo.TodoViewModel], dirtyClassesFqNamesForceRecompile=[])
java.lang.IllegalStateException: The following FqNames can't be derived from DirtyData.dirtyLookupSymbols: com.swu.bianwanlu2_0.data.local.ReminderSettingsStore.
DirtyData = DirtyData(dirtyLookupSymbols=[LookupSymbol(name=CHANNEL_SILENT, scope=com.swu.bianwanlu2_0.data.reminder.ReminderNotificationHelper), LookupSymbol(name=<SAM-CONSTRUCTOR>, scope=com.swu.bianwanlu2_0.data.local.ReminderSettingsStore.Companion), LookupSymbol(name=KEY_CALENDAR_SYNC_ENABLED, scope=com.swu.bianwanlu2_0.data.local.ReminderSettingsStore.Companion), LookupSymbol(name=getNoteById, scope=com.swu.bianwanlu2_0.presentation.screens.notes.NoteViewModel), LookupSymbol(name=getTodoById, scope=com.swu.bianwanlu2_0.presentation.screens.todo.TodoViewModel), LookupSymbol(name=ReminderCoordinator, scope=com.swu.bianwanlu2_0.data.reminder), LookupSymbol(name=<SAM-CONSTRUCTOR>, scope=com.swu.bianwanlu2_0.data.local.ReminderSettingsStore), LookupSymbol(name=Companion, scope=com.swu.bianwanlu2_0.data.local.ReminderSettingsStore), LookupSymbol(name=CHANNEL_SILENT, scope=com.swu.bianwanlu2_0.data.reminder.ReminderNotificationHelper.Companion), LookupSymbol(name=<SAM-CONSTRUCTOR>, scope=com.swu.bianwanlu2_0.presentation.screens.notes.NoteViewModel), LookupSymbol(name=CONTENT_REQUEST_CODE, scope=com.swu.bianwanlu2_0.data.reminder.ReminderNotificationHelper), LookupSymbol(name=CalendarSyncToggleResult, scope=com.swu.bianwanlu2_0.data.reminder), LookupSymbol(name=KEY_VIBRATION_ENABLED, scope=com.swu.bianwanlu2_0.data.local.ReminderSettingsStore.Companion), LookupSymbol(name=<SAM-CONSTRUCTOR>, scope=com.swu.bianwanlu2_0.data.reminder.ReminderNotificationHelper), LookupSymbol(name=PREFS_NAME, scope=com.swu.bianwanlu2_0.data.local.ReminderSettingsStore.Companion), LookupSymbol(name=<SAM-CONSTRUCTOR>, scope=com.swu.bianwanlu2_0.presentation.screens.todo.TodoViewModel), LookupSymbol(name=ReminderNotificationHelper, scope=com.swu.bianwanlu2_0.data.reminder), LookupSymbol(name=CHANNEL_VIBRATION, scope=com.swu.bianwanlu2_0.data.reminder.ReminderNotificationHelper.Companion), LookupSymbol(name=<SAM-CONSTRUCTOR>, scope=com.swu.bianwanlu2_0.data.reminder.ReminderNotificationHelper.Companion), LookupSymbol(name=CONTENT_REQUEST_CODE, scope=com.swu.bianwanlu2_0.data.reminder.ReminderNotificationHelper.Companion), LookupSymbol(name=CHANNEL_VIBRATION, scope=com.swu.bianwanlu2_0.data.reminder.ReminderNotificationHelper)], dirtyClassesFqNames=[com.swu.bianwanlu2_0.presentation.screens.notes.NoteViewModel, com.swu.bianwanlu2_0.data.reminder.ReminderCoordinator, com.swu.bianwanlu2_0.data.local.ReminderSettingsStore.Companion, com.swu.bianwanlu2_0.data.reminder.ReminderNotificationHelper, com.swu.bianwanlu2_0.data.reminder.CalendarSyncToggleResult, com.swu.bianwanlu2_0.data.reminder.ReminderNotificationHelper.Companion, com.swu.bianwanlu2_0.data.local.ReminderSettingsStore, com.swu.bianwanlu2_0.presentation.screens.todo.TodoViewModel], dirtyClassesFqNamesForceRecompile=[])
	at org.jetbrains.kotlin.incremental.classpathDiff.ClasspathChangesComputer.toProgramSymbols(ClasspathChangesComputer.kt:364)
	at org.jetbrains.kotlin.incremental.classpathDiff.ClasspathChangesComputer.computeFineGrainedKotlinClassChanges(ClasspathChangesComputer.kt:264)
	at org.jetbrains.kotlin.incremental.classpathDiff.ClasspathChangesComputer.computeKotlinClassChanges(ClasspathChangesComputer.kt:164)
	at org.jetbrains.kotlin.incremental.classpathDiff.ClasspathChangesComputer.computeClassChanges(ClasspathChangesComputer.kt:137)
	at org.jetbrains.kotlin.incremental.classpathDiff.ClasspathChangesComputer.computeChangedAndImpactedSet(ClasspathChangesComputer.kt:87)
	at org.jetbrains.kotlin.incremental.classpathDiff.ClasspathChangesComputer.computeClasspathChanges(ClasspathChangesComputer.kt:55)
	at org.jetbrains.kotlin.incremental.dirtyFiles.ClasspathSnapshotBasedImpactDeterminer.determineChangedAndImpactedSymbols(ClasspathSnapshotBasedImpactDeterminer.kt:42)
	at org.jetbrains.kotlin.incremental.dirtyFiles.JvmSourcesToCompileCalculator.calculateSourcesToCompileImpl(JvmSourcesToCompileCalculator.kt:41)
	at org.jetbrains.kotlin.incremental.dirtyFiles.JvmSourcesToCompileCalculator.calculateWithClasspathSnapshot(JvmSourcesToCompileCalculator.kt:97)
	at org.jetbrains.kotlin.incremental.IncrementalJvmCompilerRunner.calculateSourcesToCompile(IncrementalJvmCompilerRunner.kt:60)
	at org.jetbrains.kotlin.incremental.IncrementalJvmCompilerRunner.calculateSourcesToCompile(IncrementalJvmCompilerRunner.kt:23)
	at org.jetbrains.kotlin.incremental.IncrementalCompilerRunner.tryCompileIncrementally$lambda$0$compile(IncrementalCompilerRunner.kt:225)
	at org.jetbrains.kotlin.incremental.IncrementalCompilerRunner.tryCompileIncrementally(IncrementalCompilerRunner.kt:267)
	at org.jetbrains.kotlin.incremental.IncrementalCompilerRunner.compile(IncrementalCompilerRunner.kt:119)
	at org.jetbrains.kotlin.daemon.CompileServiceImplBase.execIncrementalCompiler(CompileServiceImpl.kt:684)
	at org.jetbrains.kotlin.daemon.CompileServiceImplBase.access$execIncrementalCompiler(CompileServiceImpl.kt:94)
	at org.jetbrains.kotlin.daemon.CompileServiceImpl.compile(CompileServiceImpl.kt:1810)
	at jdk.internal.reflect.GeneratedMethodAccessor12.invoke(Unknown Source)
	at java.base/jdk.internal.reflect.DelegatingMethodAccessorImpl.invoke(DelegatingMethodAccessorImpl.java:43)
	at java.base/java.lang.reflect.Method.invoke(Method.java:568)
	at java.rmi/sun.rmi.server.UnicastServerRef.dispatch(UnicastServerRef.java:360)
	at java.rmi/sun.rmi.transport.Transport$1.run(Transport.java:200)
	at java.rmi/sun.rmi.transport.Transport$1.run(Transport.java:197)
	at java.base/java.security.AccessController.doPrivileged(AccessController.java:712)
	at java.rmi/sun.rmi.transport.Transport.serviceCall(Transport.java:196)
	at java.rmi/sun.rmi.transport.tcp.TCPTransport.handleMessages(TCPTransport.java:587)
	at java.rmi/sun.rmi.transport.tcp.TCPTransport$ConnectionHandler.run0(TCPTransport.java:828)
	at java.rmi/sun.rmi.transport.tcp.TCPTransport$ConnectionHandler.lambda$run$0(TCPTransport.java:705)
	at java.base/java.security.AccessController.doPrivileged(AccessController.java:399)
	at java.rmi/sun.rmi.transport.tcp.TCPTransport$ConnectionHandler.run(TCPTransport.java:704)
	at java.base/java.util.concurrent.ThreadPoolExecutor.runWorker(ThreadPoolExecutor.java:1136)
	at java.base/java.util.concurrent.ThreadPoolExecutor$Worker.run(ThreadPoolExecutor.java:635)
	at java.base/java.lang.Thread.run(Thread.java:842)


